2019-11-18T19:52:11.631+0530 I CONTROL  [initandlisten] MongoDB starting : pid=8089 port=27017 dbpath=/run/media/coderdude/Adwait/Study/College Study/sem5/Information Retrival/Project/nutchTrial1/data 64-bit host=inhumans
2019-11-18T19:52:11.631+0530 I CONTROL  [initandlisten] db version v3.4.7
2019-11-18T19:52:11.631+0530 I CONTROL  [initandlisten] git version: cf38c1b8a0a8dca4a11737581beafef4fe120bcd
2019-11-18T19:52:11.631+0530 I CONTROL  [initandlisten] OpenSSL version: OpenSSL 1.0.2s  28 May 2019
2019-11-18T19:52:11.631+0530 I CONTROL  [initandlisten] allocator: tcmalloc
2019-11-18T19:52:11.632+0530 I CONTROL  [initandlisten] modules: none
2019-11-18T19:52:11.632+0530 I CONTROL  [initandlisten] build environment:
2019-11-18T19:52:11.632+0530 I CONTROL  [initandlisten]     distmod: ubuntu1604
2019-11-18T19:52:11.632+0530 I CONTROL  [initandlisten]     distarch: x86_64
2019-11-18T19:52:11.632+0530 I CONTROL  [initandlisten]     target_arch: x86_64
2019-11-18T19:52:11.632+0530 I CONTROL  [initandlisten] options: { processManagement: { fork: true }, storage: { dbPath: "/run/media/coderdude/Adwait/Study/College Study/sem5/Information Retrival/Project/nutchTrial1/data" }, systemLog: { destination: "file", path: "/run/media/coderdude/Adwait/Study/College Study/sem5/Information Retrival/Project/nutchTrial1/logs/mongodb.log" } }
2019-11-18T19:52:11.651+0530 I STORAGE  [initandlisten] wiredtiger_open config: create,cache_size=7452M,session_max=20000,eviction=(threads_min=4,threads_max=4),config_base=false,statistics=(fast),log=(enabled=true,archive=true,path=journal,compressor=snappy),file_manager=(close_idle_time=100000),checkpoint=(wait=60,log_size=2GB),statistics_log=(wait=0),
2019-11-18T19:52:11.703+0530 E STORAGE  [initandlisten] WiredTiger error (1) [1574086931:703157][8089:0x7fc7b9052180], connection: /run/media/coderdude/Adwait/Study/College Study/sem5/Information Retrival/Project/nutchTrial1/data/WiredTiger.wt: handle-open: open: Operation not permitted
2019-11-18T19:52:11.704+0530 I -        [initandlisten] Assertion: 28595:1: Operation not permitted src/mongo/db/storage/wiredtiger/wiredtiger_kv_engine.cpp 269
2019-11-18T19:52:11.704+0530 I STORAGE  [initandlisten] exception in initAndListen: 28595 1: Operation not permitted, terminating
2019-11-18T19:52:11.704+0530 I NETWORK  [initandlisten] shutdown: going to close listening sockets...
2019-11-18T19:52:11.704+0530 I NETWORK  [initandlisten] removing socket file: /tmp/mongodb-27017.sock
2019-11-18T19:52:11.704+0530 I NETWORK  [initandlisten] shutdown: going to flush diaglog...
2019-11-18T19:52:11.704+0530 I CONTROL  [initandlisten] now exiting
2019-11-18T19:52:11.704+0530 I CONTROL  [initandlisten] shutting down with code:100
