This is pdfTeX, Version 3.14159265-2.6-1.40.17 (TeX Live 2016/Debian) (preloaded format=pdflatex 2017.11.22)  25 NOV 2017 09:53
entering extended mode
 \write18 enabled.
 file:line:error style messages enabled.
 %&-line parsing enabled.
**LDRPPreprint.tex
(./LDRPPreprint.tex
LaTeX2e <2016/03/31> patch level 3
Babel <3.9r> and hyphenation patterns for 83 language(s) loaded.
(/usr/share/texlive/texmf-dist/tex/latex/base/article.cls
Document Class: article 2014/09/29 v1.4h Standard LaTeX document class
(/usr/share/texlive/texmf-dist/tex/latex/base/size10.clo
File: size10.clo 2014/09/29 v1.4h Standard LaTeX file (size option)
)
\c@part=\count79
\c@section=\count80
\c@subsection=\count81
\c@subsubsection=\count82
\c@paragraph=\count83
\c@subparagraph=\count84
\c@figure=\count85
\c@table=\count86
\abovecaptionskip=\skip41
\belowcaptionskip=\skip42
\bibindent=\dimen102
)
(/usr/share/texlive/texmf-dist/tex/latex/tools/array.sty
Package: array 2014/10/28 v2.4c Tabular extension package (FMi)
\col@sep=\dimen103
\extrarowheight=\dimen104
\NC@list=\toks14
\extratabsurround=\skip43
\backup@length=\skip44
)
(/usr/share/texlive/texmf-dist/tex/latex/multirow/multirow.sty
\bigstrutjot=\dimen105
)
(/usr/share/texlive/texmf-dist/tex/latex/tabu/tabu.sty
Package: tabu 2011/02/26 v2.8 - flexible LaTeX tabulars (FC)

(/usr/share/texlive/texmf-dist/tex/latex/varwidth/varwidth.sty
Package: varwidth 2009/03/30 ver 0.92;  Variable-width minipages
\@vwid@box=\box26
\sift@deathcycles=\count87
\@vwid@loff=\dimen106
\@vwid@roff=\dimen107
)
\c@taburow=\count88
\tabu@nbcols=\count89
\tabu@cnt=\count90
\tabu@Xcol=\count91
\tabu@alloc=\count92
\tabu@nested=\count93
\tabu@target=\dimen108
\tabu@spreadtarget=\dimen109
\tabu@naturalX=\dimen110
\tabucolX=\dimen111
\tabu@Xsum=\dimen112
\extrarowdepth=\dimen113
\abovetabulinesep=\dimen114
\belowtabulinesep=\dimen115
\tabustrutrule=\dimen116
\tabu@thebody=\toks15
\tabu@footnotes=\toks16
\tabu@box=\box27
\tabu@arstrutbox=\box28
\tabu@hleads=\box29
\tabu@vleads=\box30
\tabu@cellskip=\skip45
)
(/usr/share/texlive/texmf-dist/tex/latex/caption/subcaption.sty
Package: subcaption 2016/05/22 v1.1-161 Sub-captions (AR)

(/usr/share/texlive/texmf-dist/tex/latex/caption/caption.sty
Package: caption 2016/02/21 v3.3-144 Customizing captions (AR)

(/usr/share/texlive/texmf-dist/tex/latex/caption/caption3.sty
Package: caption3 2016/05/22 v1.7-166 caption3 kernel (AR)
Package caption3 Info: TeX engine: e-TeX on input line 67.

(/usr/share/texlive/texmf-dist/tex/latex/graphics/keyval.sty
Package: keyval 2014/10/28 v1.15 key=value parser (DPC)
\KV@toks@=\toks17
)
\captionmargin=\dimen117
\captionmargin@=\dimen118
\captionwidth=\dimen119
\caption@tempdima=\dimen120
\caption@indent=\dimen121
\caption@parindent=\dimen122
\caption@hangindent=\dimen123
)
\c@ContinuedFloat=\count94
)
\c@subfigure=\count95
\c@subtable=\count96
)
(/usr/share/texlive/texmf-dist/tex/latex/graphics/graphicx.sty
Package: graphicx 2014/10/28 v1.0g Enhanced LaTeX Graphics (DPC,SPQR)

(/usr/share/texlive/texmf-dist/tex/latex/graphics/graphics.sty
Package: graphics 2016/07/10 v1.0t Standard LaTeX Graphics (DPC,SPQR)

(/usr/share/texlive/texmf-dist/tex/latex/graphics/trig.sty
Package: trig 2016/01/03 v1.10 sin cos tan (DPC)
)
(/usr/share/texlive/texmf-dist/tex/latex/graphics-cfg/graphics.cfg
File: graphics.cfg 2016/06/04 v1.11 sample graphics configuration
)
Package graphics Info: Driver file: pdftex.def on input line 99.

(/usr/share/texlive/texmf-dist/tex/latex/graphics-def/pdftex.def
File: pdftex.def 2016/07/10 v0.06j Graphics/color for pdfTeX

(/usr/share/texlive/texmf-dist/tex/generic/oberdiek/infwarerr.sty
Package: infwarerr 2016/05/16 v1.4 Providing info/warning/error messages (HO)
)
(/usr/share/texlive/texmf-dist/tex/generic/oberdiek/ltxcmds.sty
Package: ltxcmds 2016/05/16 v1.23 LaTeX kernel commands for general use (HO)
)
\Gread@gobject=\count97
))
\Gin@req@height=\dimen124
\Gin@req@width=\dimen125
)
(/usr/share/texlive/texmf-dist/tex/latex/amsmath/amsmath.sty
Package: amsmath 2016/06/28 v2.15d AMS math features
\@mathmargin=\skip46

For additional information on amsmath, use the `?' option.
(/usr/share/texlive/texmf-dist/tex/latex/amsmath/amstext.sty
Package: amstext 2000/06/29 v2.01 AMS text

(/usr/share/texlive/texmf-dist/tex/latex/amsmath/amsgen.sty
File: amsgen.sty 1999/11/30 v2.0 generic functions
\@emptytoks=\toks18
\ex@=\dimen126
))
(/usr/share/texlive/texmf-dist/tex/latex/amsmath/amsbsy.sty
Package: amsbsy 1999/11/29 v1.2d Bold Symbols
\pmbraise@=\dimen127
)
(/usr/share/texlive/texmf-dist/tex/latex/amsmath/amsopn.sty
Package: amsopn 2016/03/08 v2.02 operator names
)
\inf@bad=\count98
LaTeX Info: Redefining \frac on input line 199.
\uproot@=\count99
\leftroot@=\count100
LaTeX Info: Redefining \overline on input line 297.
\classnum@=\count101
\DOTSCASE@=\count102
LaTeX Info: Redefining \ldots on input line 394.
LaTeX Info: Redefining \dots on input line 397.
LaTeX Info: Redefining \cdots on input line 518.
\Mathstrutbox@=\box31
\strutbox@=\box32
\big@size=\dimen128
LaTeX Font Info:    Redeclaring font encoding OML on input line 634.
LaTeX Font Info:    Redeclaring font encoding OMS on input line 635.
\macc@depth=\count103
\c@MaxMatrixCols=\count104
\dotsspace@=\muskip10
\c@parentequation=\count105
\dspbrk@lvl=\count106
\tag@help=\toks19
\row@=\count107
\column@=\count108
\maxfields@=\count109
\andhelp@=\toks20
\eqnshift@=\dimen129
\alignsep@=\dimen130
\tagshift@=\dimen131
\tagwidth@=\dimen132
\totwidth@=\dimen133
\lineht@=\dimen134
\@envbody=\toks21
\multlinegap=\skip47
\multlinetaggap=\skip48
\mathdisplay@stack=\toks22
LaTeX Info: Redefining \[ on input line 2739.
LaTeX Info: Redefining \] on input line 2740.
)
(./LDRPPreprint.aux)
\openout1 = `LDRPPreprint.aux'.

LaTeX Font Info:    Checking defaults for OML/cmm/m/it on input line 9.
LaTeX Font Info:    ... okay on input line 9.
LaTeX Font Info:    Checking defaults for T1/cmr/m/n on input line 9.
LaTeX Font Info:    ... okay on input line 9.
LaTeX Font Info:    Checking defaults for OT1/cmr/m/n on input line 9.
LaTeX Font Info:    ... okay on input line 9.
LaTeX Font Info:    Checking defaults for OMS/cmsy/m/n on input line 9.
LaTeX Font Info:    ... okay on input line 9.
LaTeX Font Info:    Checking defaults for OMX/cmex/m/n on input line 9.
LaTeX Font Info:    ... okay on input line 9.
LaTeX Font Info:    Checking defaults for U/cmr/m/n on input line 9.
LaTeX Font Info:    ... okay on input line 9.
Package caption Info: Begin \AtBeginDocument code.
Package caption Info: End \AtBeginDocument code.

(/usr/share/texlive/texmf-dist/tex/context/base/mkii/supp-pdf.mkii
[Loading MPS to PDF converter (version 2006.09.02).]
\scratchcounter=\count110
\scratchdimen=\dimen135
\scratchbox=\box33
\nofMPsegments=\count111
\nofMParguments=\count112
\everyMPshowfont=\toks23
\MPscratchCnt=\count113
\MPscratchDim=\dimen136
\MPnumerator=\count114
\makeMPintoPDFobject=\count115
\everyMPtoPDFconversion=\toks24
) (/usr/share/texlive/texmf-dist/tex/generic/oberdiek/pdftexcmds.sty
Package: pdftexcmds 2016/05/21 v0.22 Utility functions of pdfTeX for LuaTeX (HO
)

(/usr/share/texlive/texmf-dist/tex/generic/oberdiek/ifluatex.sty
Package: ifluatex 2016/05/16 v1.4 Provides the ifluatex switch (HO)
Package ifluatex Info: LuaTeX not detected.
)
(/usr/share/texlive/texmf-dist/tex/generic/oberdiek/ifpdf.sty
Package: ifpdf 2016/05/14 v3.1 Provides the ifpdf switch
)
Package pdftexcmds Info: LuaTeX not detected.
Package pdftexcmds Info: \pdf@primitive is available.
Package pdftexcmds Info: \pdf@ifprimitive is available.
Package pdftexcmds Info: \pdfdraftmode found.
)
(/usr/share/texlive/texmf-dist/tex/latex/oberdiek/epstopdf-base.sty
Package: epstopdf-base 2016/05/15 v2.6 Base part for package epstopdf

(/usr/share/texlive/texmf-dist/tex/latex/oberdiek/grfext.sty
Package: grfext 2016/05/16 v1.2 Manage graphics extensions (HO)

(/usr/share/texlive/texmf-dist/tex/generic/oberdiek/kvdefinekeys.sty
Package: kvdefinekeys 2016/05/16 v1.4 Define keys (HO)
))
(/usr/share/texlive/texmf-dist/tex/latex/oberdiek/kvoptions.sty
Package: kvoptions 2016/05/16 v3.12 Key value format for package options (HO)

(/usr/share/texlive/texmf-dist/tex/generic/oberdiek/kvsetkeys.sty
Package: kvsetkeys 2016/05/16 v1.17 Key value parser (HO)

(/usr/share/texlive/texmf-dist/tex/generic/oberdiek/etexcmds.sty
Package: etexcmds 2016/05/16 v1.6 Avoid name clashes with e-TeX commands (HO)
Package etexcmds Info: Could not find \expanded.
(etexcmds)             That can mean that you are not using pdfTeX 1.50 or
(etexcmds)             that some package has redefined \expanded.
(etexcmds)             In the latter case, load this package earlier.
)))
Package epstopdf-base Info: Redefining graphics rule for `.eps' on input line 4
38.
Package grfext Info: Graphics extension search list:
(grfext)             [.png,.pdf,.jpg,.mps,.jpeg,.jbig2,.jb2,.PNG,.PDF,.JPG,.JPE
G,.JBIG2,.JB2,.eps]
(grfext)             \AppendGraphicsExtensions on input line 456.

(/usr/share/texlive/texmf-dist/tex/latex/latexconfig/epstopdf-sys.cfg
File: epstopdf-sys.cfg 2010/07/13 v1.3 Configuration of (r)epstopdf for TeX Liv
e
))
LaTeX Font Info:    Try loading font information for OMS+cmr on input line 20.

(/usr/share/texlive/texmf-dist/tex/latex/base/omscmr.fd
File: omscmr.fd 2014/09/29 v2.5h Standard LaTeX font definitions
)
LaTeX Font Info:    Font shape `OMS/cmr/m/n' in size <8> not available
(Font)              Font shape `OMS/cmsy/m/n' tried instead on input line 20.
LaTeX Font Info:    Font shape `OMS/cmr/m/n' in size <6> not available
(Font)              Font shape `OMS/cmsy/m/n' tried instead on input line 20.
 [1

{/var/lib/texmf/fonts/map/pdftex/updmap/pdftex.map}] [2] [3]
LaTeX Font Info:    Font shape `OMS/cmr/m/n' in size <10> not available
(Font)              Font shape `OMS/cmsy/m/n' tried instead on input line 61.
 [4]
<1.png, id=25, 1226.33156pt x 866.48718pt>
File: 1.png Graphic file (type png)
 <use 1.png>
Package pdftex.def Info: 1.png used on input line 96.
(pdftex.def)             Requested size: 276.00105pt x 195.00409pt.
 [5]
<2.png, id=36, 3018.02531pt x 1054.6903pt>
File: 2.png Graphic file (type png)
 <use 2.png>
Package pdftex.def Info: 2.png used on input line 125.
(pdftex.def)             Requested size: 341.5519pt x 119.3476pt.
 [6 <./1.png>] [7 <./2.png>] <3.png, id=47, 1811.26688pt x 2136.48187pt>
File: 3.png Graphic file (type png)
 <use 3.png>
Package pdftex.def Info: 3.png used on input line 192.
(pdftex.def)             Requested size: 341.5519pt x 402.87137pt.
 [8] [9 <./3.png>]
<4.png, id=55, 2028.07687pt x 1181.16281pt>
File: 4.png Graphic file (type png)
 <use 4.png>
Package pdftex.def Info: 4.png used on input line 221.
(pdftex.def)             Requested size: 341.5519pt x 198.92062pt.
 [10 <./4.png>] [11]
<pasc-arp.pdf, id=63, 575.14874pt x 385.44pt>
File: pasc-arp.pdf Graphic file (type pdf)
 <use pasc-arp.pdf>
Package pdftex.def Info: pasc-arp.pdf used on input line 248.
(pdftex.def)             Requested size: 84.52463pt x 56.64311pt.

<pasc-arr.pdf, id=64, 575.14874pt x 385.44pt>
File: pasc-arr.pdf Graphic file (type pdf)
 <use pasc-arr.pdf>
Package pdftex.def Info: pasc-arr.pdf used on input line 254.
(pdftex.def)             Requested size: 84.52463pt x 56.64311pt.

<pasc-f.pdf, id=65, 575.14874pt x 385.44pt>
File: pasc-f.pdf Graphic file (type pdf)
 <use pasc-f.pdf>
Package pdftex.def Info: pasc-f.pdf used on input line 260.
(pdftex.def)             Requested size: 84.52463pt x 56.64311pt.

Underfull \hbox (badness 10000) in paragraph at lines 261--261
[]\OT1/cmr/m/n/9 (c) |F-Score over
 []

<pasc-anmrr.pdf, id=66, 575.14874pt x 385.44pt>
File: pasc-anmrr.pdf Graphic file (type pdf)
 <use pasc-anmrr.pdf>
Package pdftex.def Info: pasc-anmrr.pdf used on input line 266.
(pdftex.def)             Requested size: 84.52463pt x 56.64311pt.

Underfull \hbox (badness 10000) in paragraph at lines 267--267
[]\OT1/cmr/m/n/9 (d) |AN-MRR over
 []

<lfw-arp.pdf, id=67, 575.14874pt x 385.44pt>
File: lfw-arp.pdf Graphic file (type pdf)
 <use lfw-arp.pdf>
Package pdftex.def Info: lfw-arp.pdf used on input line 274.
(pdftex.def)             Requested size: 84.52463pt x 56.64311pt.

<lfw-arr.pdf, id=68, 575.14874pt x 385.44pt>
File: lfw-arr.pdf Graphic file (type pdf)
 <use lfw-arr.pdf>
Package pdftex.def Info: lfw-arr.pdf used on input line 280.
(pdftex.def)             Requested size: 84.52463pt x 56.64311pt.

<lfw-f.pdf, id=69, 575.14874pt x 385.44pt>
File: lfw-f.pdf Graphic file (type pdf)
 <use lfw-f.pdf>
Package pdftex.def Info: lfw-f.pdf used on input line 286.
(pdftex.def)             Requested size: 84.52463pt x 56.64311pt.

Underfull \hbox (badness 10000) in paragraph at lines 287--287
[]\OT1/cmr/m/n/9 (g) |F-Score over
 []

<lfw-anmrr.pdf, id=70, 575.14874pt x 385.44pt>
File: lfw-anmrr.pdf Graphic file (type pdf)
 <use lfw-anmrr.pdf>
Package pdftex.def Info: lfw-anmrr.pdf used on input line 292.
(pdftex.def)             Requested size: 84.52463pt x 56.64311pt.

Underfull \hbox (badness 10000) in paragraph at lines 293--293
[]\OT1/cmr/m/n/9 (h) |AN-MRR over
 []


Overfull \hbox (2.22221pt too wide) in paragraph at lines 272--297
[]$[]$$[]$ $[]$$[]$
 []

<pubfig-arp.pdf, id=71, 575.14874pt x 385.44pt>
File: pubfig-arp.pdf Graphic file (type pdf)
 <use pubfig-arp.pdf>
Package pdftex.def Info: pubfig-arp.pdf used on input line 300.
(pdftex.def)             Requested size: 84.52463pt x 56.64311pt.

<pubfig-arr.pdf, id=72, 575.14874pt x 385.44pt>
File: pubfig-arr.pdf Graphic file (type pdf)
 <use pubfig-arr.pdf>
Package pdftex.def Info: pubfig-arr.pdf used on input line 306.
(pdftex.def)             Requested size: 84.52463pt x 56.64311pt.

<pubfig-f.pdf, id=73, 575.14874pt x 385.44pt>
File: pubfig-f.pdf Graphic file (type pdf)
 <use pubfig-f.pdf>
Package pdftex.def Info: pubfig-f.pdf used on input line 312.
(pdftex.def)             Requested size: 84.52463pt x 56.64311pt.

<pubfig-anmrr.pdf, id=74, 575.14874pt x 385.44pt>
File: pubfig-anmrr.pdf Graphic file (type pdf)
 <use pubfig-anmrr.pdf>
Package pdftex.def Info: pubfig-anmrr.pdf used on input line 318.
(pdftex.def)             Requested size: 84.52463pt x 56.64311pt.

Underfull \hbox (badness 10000) in paragraph at lines 319--319
[]\OT1/cmr/m/n/9 (l) |AN-MRR over
 []

<essex-arp.pdf, id=75, 575.14874pt x 385.44pt>
File: essex-arp.pdf Graphic file (type pdf)
 <use essex-arp.pdf>
Package pdftex.def Info: essex-arp.pdf used on input line 326.
(pdftex.def)             Requested size: 84.52463pt x 56.64311pt.

Underfull \hbox (badness 1275) in paragraph at lines 327--327
[]\OT1/cmr/m/n/9 (m) |ARP over ES-
 []

<essex-arr.pdf, id=76, 575.14874pt x 385.44pt>
File: essex-arr.pdf Graphic file (type pdf)
 <use essex-arr.pdf>
Package pdftex.def Info: essex-arr.pdf used on input line 332.
(pdftex.def)             Requested size: 84.52463pt x 56.64311pt.

<essex-f.pdf, id=77, 575.14874pt x 385.44pt>
File: essex-f.pdf Graphic file (type pdf)
 <use essex-f.pdf>
Package pdftex.def Info: essex-f.pdf used on input line 338.
(pdftex.def)             Requested size: 84.52463pt x 56.64311pt.

<essex-anmrr.pdf, id=78, 575.14874pt x 385.44pt>
File: essex-anmrr.pdf Graphic file (type pdf)
 <use essex-anmrr.pdf>
Package pdftex.def Info: essex-anmrr.pdf used on input line 344.
(pdftex.def)             Requested size: 84.52463pt x 56.64311pt.

<att-arp.pdf, id=79, 575.14874pt x 385.44pt>
File: att-arp.pdf Graphic file (type pdf)
 <use att-arp.pdf>
Package pdftex.def Info: att-arp.pdf used on input line 352.
(pdftex.def)             Requested size: 84.52463pt x 56.64311pt.

<att-arr.pdf, id=80, 575.14874pt x 385.44pt>
File: att-arr.pdf Graphic file (type pdf)
 <use att-arr.pdf>
Package pdftex.def Info: att-arr.pdf used on input line 358.
(pdftex.def)             Requested size: 84.52463pt x 56.64311pt.

<att-f.pdf, id=81, 575.14874pt x 385.44pt>
File: att-f.pdf Graphic file (type pdf)
 <use att-f.pdf>
Package pdftex.def Info: att-f.pdf used on input line 364.
(pdftex.def)             Requested size: 84.52463pt x 56.64311pt.

Underfull \hbox (badness 10000) in paragraph at lines 365--365
[]\OT1/cmr/m/n/9 (s) |F-Score over
 []

<att-anmrr.pdf, id=82, 575.14874pt x 385.44pt>
File: att-anmrr.pdf Graphic file (type pdf)
 <use att-anmrr.pdf>
Package pdftex.def Info: att-anmrr.pdf used on input line 370.
(pdftex.def)             Requested size: 84.52463pt x 56.64311pt.

Underfull \hbox (badness 10000) in paragraph at lines 371--371
[]\OT1/cmr/m/n/9 (t) |AN-MRR over
 []

<feret-arp.pdf, id=83, 575.14874pt x 385.44pt>
File: feret-arp.pdf Graphic file (type pdf)
 <use feret-arp.pdf>
Package pdftex.def Info: feret-arp.pdf used on input line 378.
(pdftex.def)             Requested size: 84.52463pt x 56.64311pt.

Underfull \hbox (badness 10000) in paragraph at lines 379--379
[]\OT1/cmr/m/n/9 (u) |ARP over
 []

<feret-arr.pdf, id=84, 575.14874pt x 385.44pt>
File: feret-arr.pdf Graphic file (type pdf)
 <use feret-arr.pdf>
Package pdftex.def Info: feret-arr.pdf used on input line 384.
(pdftex.def)             Requested size: 84.52463pt x 56.64311pt.

Underfull \hbox (badness 10000) in paragraph at lines 385--385
[]\OT1/cmr/m/n/9 (v) |ARR over
 []

<feret-f.pdf, id=85, 575.14874pt x 385.44pt>
File: feret-f.pdf Graphic file (type pdf)
 <use feret-f.pdf>
Package pdftex.def Info: feret-f.pdf used on input line 390.
(pdftex.def)             Requested size: 84.52463pt x 56.64311pt.

Underfull \hbox (badness 10000) in paragraph at lines 391--391
[]\OT1/cmr/m/n/9 (w) |F-Score over
 []

<feret-anmrr.pdf, id=86, 575.14874pt x 385.44pt>
File: feret-anmrr.pdf Graphic file (type pdf)
 <use feret-anmrr.pdf>
Package pdftex.def Info: feret-anmrr.pdf used on input line 396.
(pdftex.def)             Requested size: 84.52463pt x 56.64311pt.

Underfull \hbox (badness 10000) in paragraph at lines 397--397
[]\OT1/cmr/m/n/9 (x) |AN-MRR over
 []


LaTeX Warning: Float too large for page by 15.22827pt on input line 404.

[12] [13] [14] [15] (./LDRPPreprint.bbl [16] [17] [18]
Missing character: There is no â in font cmr10!
Missing character: There is no € in font cmr10!
Missing character: There is no ” in font cmr10!
 [19] [20]) [21] [22 <./pasc-arp.pdf> <./pasc-arr.pdf> <./pasc-f.pdf> <./pasc-a
nmrr.pdf> <./lfw-arp.pdf> <./lfw-arr.pdf> <./lfw-f.pdf> <./lfw-anmrr.pdf> <./pu
bfig-arp.pdf> <./pubfig-arr.pdf> <./pubfig-f.pdf> <./pubfig-anmrr.pdf> <./essex
-arp.pdf> <./essex-arr.pdf> <./essex-f.pdf> <./essex-anmrr.pdf> <./att-arp.pdf>
 <./att-arr.pdf> <./att-f.pdf> <./att-anmrr.pdf> <./feret-arp.pdf> <./feret-arr
.pdf> <./feret-f.pdf> <./feret-anmrr.pdf>] (./LDRPPreprint.aux) ) 
Here is how much of TeX's memory you used:
 4301 strings out of 493013
 63735 string characters out of 6135681
 145112 words of memory out of 5000000
 7775 multiletter control sequences out of 15000+600000
 9976 words of font info for 36 fonts, out of 8000000 for 9000
 1141 hyphenation exceptions out of 8191
 42i,15n,40p,1908b,442s stack positions out of 5000i,500n,10000p,200000b,80000s
</usr/share/te
xlive/texmf-dist/fonts/type1/public/amsfonts/cm/cmbx10.pfb></usr/share/texlive/
texmf-dist/fonts/type1/public/amsfonts/cm/cmbx12.pfb></usr/share/texlive/texmf-
dist/fonts/type1/public/amsfonts/cm/cmbx9.pfb></usr/share/texlive/texmf-dist/fo
nts/type1/public/amsfonts/cm/cmex10.pfb></usr/share/texlive/texmf-dist/fonts/ty
pe1/public/amsfonts/cm/cmmi10.pfb></usr/share/texlive/texmf-dist/fonts/type1/pu
blic/amsfonts/cm/cmmi5.pfb></usr/share/texlive/texmf-dist/fonts/type1/public/am
sfonts/cm/cmmi7.pfb></usr/share/texlive/texmf-dist/fonts/type1/public/amsfonts/
cm/cmr10.pfb></usr/share/texlive/texmf-dist/fonts/type1/public/amsfonts/cm/cmr1
2.pfb></usr/share/texlive/texmf-dist/fonts/type1/public/amsfonts/cm/cmr17.pfb><
/usr/share/texlive/texmf-dist/fonts/type1/public/amsfonts/cm/cmr5.pfb></usr/sha
re/texlive/texmf-dist/fonts/type1/public/amsfonts/cm/cmr7.pfb></usr/share/texli
ve/texmf-dist/fonts/type1/public/amsfonts/cm/cmr8.pfb></usr/share/texlive/texmf
-dist/fonts/type1/public/amsfonts/cm/cmr9.pfb></usr/share/texlive/texmf-dist/fo
nts/type1/public/amsfonts/cm/cmsy10.pfb></usr/share/texlive/texmf-dist/fonts/ty
pe1/public/amsfonts/cm/cmsy6.pfb></usr/share/texlive/texmf-dist/fonts/type1/pub
lic/amsfonts/cm/cmsy7.pfb></usr/share/texlive/texmf-dist/fonts/type1/public/ams
fonts/cm/cmsy8.pfb></usr/share/texlive/texmf-dist/fonts/type1/public/amsfonts/c
m/cmti10.pfb>
Output written on LDRPPreprint.pdf (22 pages, 1979256 bytes).
PDF statistics:
 318 PDF objects out of 1000 (max. 8388607)
 212 compressed objects within 3 object streams
 0 named destinations out of 1000 (max. 500000)
 141 words of extra memory for PDF output out of 10000 (max. 10000000)

